<?xml version="1.0" encoding="UTF-8"?>
<testng-results skipped="0" failed="0" ignored="0" total="1" passed="1">
  <reporter-output>
  </reporter-output>
  <suite name="Default suite" duration-ms="32738" started-at="2019-10-11T09:11:14Z" finished-at="2019-10-11T09:11:47Z">
    <groups>
    </groups>
    <test name="Default test" duration-ms="32738" started-at="2019-10-11T09:11:14Z" finished-at="2019-10-11T09:11:47Z">
      <class name="Automation1.PHPTravels.TestLogin">
        <test-method status="PASS" signature="login()[pri:0, instance:Automation1.PHPTravels.TestLogin@1b604f19]" name="login" duration-ms="32699" started-at="2019-10-11T14:41:14Z" finished-at="2019-10-11T14:41:47Z">
          <reporter-output>
          </reporter-output>
        </test-method> <!-- login -->
      </class> <!-- Automation1.PHPTravels.TestLogin -->
    </test> <!-- Default test -->
  </suite> <!-- Default suite -->
</testng-results>
